2014-04-09 11:20:19.677 ContactsTouchNormal[11020:70b] Multi-tasking -> Device: YES, App: YES
2014-04-09 11:20:19.703 ContactsTouchNormal[11020:70b] Unlimited access to network resources
2014-04-09 11:20:19.707 ContactsTouchNormal[11020:70b] Fix applied for database locations?: YES
2014-04-09 11:20:20.119 ContactsTouchNormal[11020:70b] Resetting plugins due to page load.
2014-04-09 11:20:20.380 ContactsTouchNormal[11020:70b] Finished load of: file:///Users/loiane/Library/Application%20Support/iPhone%20Simulator/7.1/Applications/7489E0EE-601A-4D56-8801-6B7E90FB3F8E/ContactsTouchNormal.app/www/index.html
2014-04-09 11:22:05.193 ContactsTouchNormal[12469:70b] Multi-tasking -> Device: YES, App: YES
2014-04-09 11:22:05.203 ContactsTouchNormal[12469:70b] Unlimited access to network resources
2014-04-09 11:22:05.345 ContactsTouchNormal[12469:70b] Resetting plugins due to page load.
2014-04-09 11:22:05.634 ContactsTouchNormal[12469:70b] Finished load of: file:///Users/loiane/Library/Application%20Support/iPhone%20Simulator/7.1/Applications/7489E0EE-601A-4D56-8801-6B7E90FB3F8E/ContactsTouchNormal.app/www/index.html
2014-04-09 11:23:06.293 ContactsTouchNormal[13908:70b] Multi-tasking -> Device: YES, App: YES
2014-04-09 11:23:06.303 ContactsTouchNormal[13908:70b] Unlimited access to network resources
2014-04-09 11:23:06.467 ContactsTouchNormal[13908:70b] Resetting plugins due to page load.
2014-04-09 11:23:06.600 ContactsTouchNormal[13908:70b] Finished load of: file:///Users/loiane/Library/Application%20Support/iPhone%20Simulator/7.1/Applications/7489E0EE-601A-4D56-8801-6B7E90FB3F8E/ContactsTouchNormal.app/www/index.html
Terminating in response to SpringBoard's termination.
2014-04-09 11:26:43.336 ContactsTouchNormal[16910:70b] Multi-tasking -> Device: YES, App: YES
2014-04-09 11:26:43.345 ContactsTouchNormal[16910:70b] Unlimited access to network resources
2014-04-09 11:26:43.503 ContactsTouchNormal[16910:70b] Resetting plugins due to page load.
2014-04-09 11:26:43.677 ContactsTouchNormal[16910:70b] Finished load of: file:///Users/loiane/Library/Application%20Support/iPhone%20Simulator/7.1/Applications/7489E0EE-601A-4D56-8801-6B7E90FB3F8E/ContactsTouchNormal.app/www/index.html
2014-04-09 11:31:23.781 ContactsTouchNormal[19815:70b] Multi-tasking -> Device: YES, App: YES
2014-04-09 11:31:23.791 ContactsTouchNormal[19815:70b] Unlimited access to network resources
2014-04-09 11:31:23.931 ContactsTouchNormal[19815:70b] Resetting plugins due to page load.
2014-04-09 11:31:24.160 ContactsTouchNormal[19815:70b] Finished load of: file:///Users/loiane/Library/Application%20Support/iPhone%20Simulator/7.1/Applications/7489E0EE-601A-4D56-8801-6B7E90FB3F8E/ContactsTouchNormal.app/www/index.html
Terminating in response to SpringBoard's termination.
2014-04-09 11:40:03.666 ContactsTouchNormal[21673:70b] Multi-tasking -> Device: YES, App: YES
2014-04-09 11:40:03.672 ContactsTouchNormal[21673:70b] Unlimited access to network resources
2014-04-09 11:40:03.675 ContactsTouchNormal[21673:70b] Fix applied for database locations?: YES
2014-04-09 11:40:03.775 ContactsTouchNormal[21673:70b] Resetting plugins due to page load.
2014-04-09 11:40:03.881 ContactsTouchNormal[21673:70b] Finished load of: file:///Users/loiane/Library/Application%20Support/iPhone%20Simulator/7.1/Applications/470CE85E-885B-450B-8B5E-DEEBDC845301/ContactsTouchNormal.app/www/index.html
